<?xml version="1.0" encoding="UTF-8"?>
<coverage generated="1616022609240" clover="3.2.0">
  <project timestamp="1616022609241" name="All files">
    <metrics statements="7" coveredstatements="7" conditionals="2" coveredconditionals="2" methods="5" coveredmethods="5" elements="14" coveredelements="14" complexity="0" loc="7" ncloc="7" packages="1" files="2" classes="2"/>
    <file name="index.js" path="/mnt/C64A91634A9150D3/WebstormProjects/hexlet-jest/src/index.js">
      <metrics statements="1" coveredstatements="1" conditionals="0" coveredconditionals="0" methods="1" coveredmethods="1"/>
      <line num="1" count="2" type="stmt"/>
    </file>
    <file name="stack.js" path="/mnt/C64A91634A9150D3/WebstormProjects/hexlet-jest/src/stack.js">
      <metrics statements="6" coveredstatements="6" conditionals="2" coveredconditionals="2" methods="4" coveredmethods="4"/>
      <line num="2" count="3" type="stmt"/>
      <line num="3" count="3" type="stmt"/>
      <line num="4" count="3" type="stmt"/>
      <line num="5" count="3" type="stmt"/>
      <line num="7" count="4" type="cond" truecount="2" falsecount="0"/>
      <line num="8" count="3" type="stmt"/>
    </file>
  </project>
</coverage>
